<?xml version="1.0" encoding="UTF-8"?>
<testsuite name="org.itas.core.TestAll" tests="0" skipped="0" failures="0" errors="0" timestamp="1970-01-01T00:00:00" hostname="liu" time="0.0">
  <properties/>
  <system-out><![CDATA[xxxxxxxxxxxxxxxxxxxxxxxxxxx]]></system-out>
  <system-err><![CDATA[]]></system-err>
</testsuite>
