<?xml version="1.0" encoding="UTF-8"?>
<testsuite name="org.itas.core.util.DataContainersTest" tests="14" skipped="0" failures="0" errors="0" timestamp="2015-03-18T09:49:00" hostname="liu" time="0.37">
  <properties/>
  <testcase name="testToStringDoubleArray" classname="org.itas.core.util.DataContainersTest" time="0.026"/>
  <testcase name="testToStringArray" classname="org.itas.core.util.DataContainersTest" time="0.008"/>
  <testcase name="testParseDoubleArray" classname="org.itas.core.util.DataContainersTest" time="0.003"/>
  <testcase name="testToStringList" classname="org.itas.core.util.DataContainersTest" time="0.003"/>
  <testcase name="testParseArray" classname="org.itas.core.util.DataContainersTest" time="0.0"/>
  <testcase name="testToStringMap" classname="org.itas.core.util.DataContainersTest" time="0.001"/>
  <testcase name="testParsePair" classname="org.itas.core.util.DataContainersTest" time="0.001"/>
  <testcase name="testToStringDoubleArray" classname="org.itas.core.util.DataContainersTest" time="0.0"/>
  <testcase name="testToStringArray" classname="org.itas.core.util.DataContainersTest" time="0.0"/>
  <testcase name="testParseDoubleArray" classname="org.itas.core.util.DataContainersTest" time="0.001"/>
  <testcase name="testToStringList" classname="org.itas.core.util.DataContainersTest" time="0.0"/>
  <testcase name="testParseArray" classname="org.itas.core.util.DataContainersTest" time="0.001"/>
  <testcase name="testToStringMap" classname="org.itas.core.util.DataContainersTest" time="0.001"/>
  <testcase name="testParsePair" classname="org.itas.core.util.DataContainersTest" time="0.0"/>
  <system-out><![CDATA[xxxxxxxxxxxxxxxxxxxxxxxxxxx]]></system-out>
  <system-err><![CDATA[]]></system-err>
</testsuite>
