<?xml version="1.0" encoding="UTF-8"?>
<testsuite name="org.itas.core.bytecode.TestMethodColneProvider" tests="2" skipped="0" failures="0" errors="0" timestamp="2015-03-18T09:48:59" hostname="liu" time="0.5">
  <properties/>
  <testcase name="testClone" classname="org.itas.core.bytecode.TestMethodColneProvider" time="0.015"/>
  <testcase name="testClone" classname="org.itas.core.bytecode.TestMethodColneProvider" time="0.001"/>
  <system-out><![CDATA[2015-48-18 17:48:59[Test worker][TRACE]: 
protected org.itas.core.GameObject clone(java.lang.String oid) {return new org.itas.core.bytecode.TestModel(oid);}
2015-49-18 17:49:00[Test worker][TRACE]: 
protected org.itas.core.GameObject clone(java.lang.String oid) {return new org.itas.core.bytecode.TestModel(oid);}
]]></system-out>
  <system-err><![CDATA[]]></system-err>
</testsuite>
