<?xml version="1.0" encoding="UTF-8"?>
<testsuite name="org.itas.core.bytecode.TestCodeType" tests="4" skipped="0" failures="0" errors="0" timestamp="2015-03-18T09:48:58" hostname="liu" time="1.764">
  <properties/>
  <testcase name="testFirstKeyUPCase" classname="org.itas.core.bytecode.TestCodeType" time="0.002"/>
  <testcase name="testFirstKeyLowerCase" classname="org.itas.core.bytecode.TestCodeType" time="0.0"/>
  <testcase name="testFirstKeyUPCase" classname="org.itas.core.bytecode.TestCodeType" time="0.0"/>
  <testcase name="testFirstKeyLowerCase" classname="org.itas.core.bytecode.TestCodeType" time="0.0"/>
  <system-out><![CDATA[]]></system-out>
  <system-err><![CDATA[]]></system-err>
</testsuite>
