<?xml version="1.0" encoding="UTF-8"?>
<testsuite name="org.itas.core.bytecode.TestFieldCharProvider" tests="2" skipped="0" failures="0" errors="0" timestamp="2015-03-18T09:48:58" hostname="liu" time="1.635">
  <properties/>
  <testcase name="testSetStatement" classname="org.itas.core.bytecode.TestFieldCharProvider" time="0.003"/>
  <testcase name="testSetStatement" classname="org.itas.core.bytecode.TestFieldCharProvider" time="0.0"/>
  <system-out><![CDATA[]]></system-out>
  <system-err><![CDATA[]]></system-err>
</testsuite>
