<?xml version="1.0" encoding="UTF-8"?>
<testsuite name="org.itas.core.bytecode.TestFieldSetProvider" tests="8" skipped="0" failures="0" errors="0" timestamp="2015-03-18T09:48:58" hostname="liu" time="1.56">
  <properties/>
  <testcase name="testEnum" classname="org.itas.core.bytecode.TestFieldSetProvider" time="0.049"/>
  <testcase name="testSimple" classname="org.itas.core.bytecode.TestFieldSetProvider" time="0.001"/>
  <testcase name="testResource" classname="org.itas.core.bytecode.TestFieldSetProvider" time="0.001"/>
  <testcase name="testJavaBase" classname="org.itas.core.bytecode.TestFieldSetProvider" time="0.001"/>
  <testcase name="testEnum" classname="org.itas.core.bytecode.TestFieldSetProvider" time="0.001"/>
  <testcase name="testSimple" classname="org.itas.core.bytecode.TestFieldSetProvider" time="0.0"/>
  <testcase name="testResource" classname="org.itas.core.bytecode.TestFieldSetProvider" time="0.001"/>
  <testcase name="testJavaBase" classname="org.itas.core.bytecode.TestFieldSetProvider" time="0.0"/>
  <system-out><![CDATA[]]></system-out>
  <system-err><![CDATA[]]></system-err>
</testsuite>
